app/build/intermediates/manifest_merge_blame_file/debug/manifest-merger-blame-debug-report.txt
1<?xml version="1.0" encoding="utf-8"?>
2<manifest xmlns:android="http://schemas.android.com/apk/res/android"
3    package="com.example.broad"
4    android:versionCode="1"
5    android:versionName="1.0" >
6
7    <uses-sdk
8        android:minSdkVersion="16"
8-->src\main\AndroidManifest.xml
9        android:targetSdkVersion="30" />
9-->src\main\AndroidManifest.xml
10
11    <uses-permission android:name="android.permission.READ_PHONE_STATE" />
11-->src\main\AndroidManifest.xml:5:5-75
11-->src\main\AndroidManifest.xml:5:22-72
12    <uses-permission android:name="android.permission.CALL_PHONE" />
12-->src\main\AndroidManifest.xml:6:5-69
12-->src\main\AndroidManifest.xml:6:22-66
13    <uses-permission android:name="android.permission.SEND_SMS" />
13-->src\main\AndroidManifest.xml:7:5-67
13-->src\main\AndroidManifest.xml:7:22-64
14    <uses-permission android:name="android.permission.READ_CALL_LOG" />
14-->src\main\AndroidManifest.xml:8:5-72
14-->src\main\AndroidManifest.xml:8:22-69
15    <uses-permission android:name="android.permission.WRITE_CALL_LOG" />
15-->src\main\AndroidManifest.xml:9:5-73
15-->src\main\AndroidManifest.xml:9:22-70
16
17    <application
17-->src\main\AndroidManifest.xml:11:5-40:19
18        android:allowBackup="true"
18-->src\main\AndroidManifest.xml:12:9-35
19        android:appComponentFactory="androidx.core.app.CoreComponentFactory"
19-->[androidx.core:core:1.3.1] AndroidManifest.xml:24:18-86
20        android:debuggable="true"
21        android:icon="@mipmap/ic_launcher"
21-->src\main\AndroidManifest.xml:13:9-43
22        android:label="@string/app_name"
22-->src\main\AndroidManifest.xml:14:9-41
23        android:roundIcon="@mipmap/ic_launcher_round"
23-->src\main\AndroidManifest.xml:15:9-54
24        android:supportsRtl="true"
24-->src\main\AndroidManifest.xml:16:9-35
25        android:testOnly="true"
26        android:theme="@style/AppTheme" >
26-->src\main\AndroidManifest.xml:17:9-40
27        <receiver
27-->src\main\AndroidManifest.xml:19:9-27:20
28            android:name="com.example.broad.reciver.MyBroadcastReceiver"
28-->src\main\AndroidManifest.xml:19:19-62
29            android:enabled="true"
29-->src\main\AndroidManifest.xml:20:13-35
30            android:exported="true" >
30-->src\main\AndroidManifest.xml:21:13-36
31            <intent-filter>
31-->src\main\AndroidManifest.xml:22:13-26:29
32                <action android:name="android.intent.action.PHONE_STATE" />
32-->src\main\AndroidManifest.xml:23:17-76
32-->src\main\AndroidManifest.xml:23:25-73
33                <action android:name="android.permission.READ_PHONE_NUMBERS" />
33-->src\main\AndroidManifest.xml:24:17-80
33-->src\main\AndroidManifest.xml:24:25-77
34                <action android:name="android.intent.action.NEW_OUTGOING_CALL" />
34-->src\main\AndroidManifest.xml:25:17-82
34-->src\main\AndroidManifest.xml:25:25-79
35            </intent-filter>
36        </receiver>
37
38        <activity android:name="com.example.broad.MainActivity" >
38-->src\main\AndroidManifest.xml:31:9-38:20
38-->src\main\AndroidManifest.xml:31:19-47
39            <intent-filter>
39-->src\main\AndroidManifest.xml:33:13-37:29
40                <action android:name="android.intent.action.MAIN" />
40-->src\main\AndroidManifest.xml:34:17-69
40-->src\main\AndroidManifest.xml:34:25-66
41
42                <category android:name="android.intent.category.LAUNCHER" />
42-->src\main\AndroidManifest.xml:36:17-77
42-->src\main\AndroidManifest.xml:36:27-74
43            </intent-filter>
44        </activity>
45    </application>
46
47</manifest>